2020-06-28 14:11:15,718 - SAS2RELAY - INFO - Start..
2020-06-28 14:11:15,719 - SAS2RELAY - INFO - 90 degree input received
2020-06-28 14:11:15,719 - SAS2RELAY - INFO - LEFT ROTATE: 00000001
2020-06-28 14:11:19,033 - SAS2RELAY - INFO - LEFT ROTATE: 00000011
2020-06-28 14:11:19,682 - SAS2RELAY - INFO - RIGHT ROTATE: 00000001
2020-06-28 14:11:20,103 - SAS2RELAY - INFO - RIGHT ROTATE: 11111110
2020-06-28 14:11:20,662 - SAS2RELAY - INFO - LEFT ROTATE: 00000001
2020-06-28 14:11:22,601 - SAS2RELAY - ERROR - 프로그램 강제 종료..
2020-06-28 14:13:53,752 - SAS2RELAY - INFO - Start..
2020-06-28 14:13:53,752 - SAS2RELAY - INFO - 90 degree input received
2020-06-28 14:13:53,757 - SAS2RELAY - INFO - LEFT ROTATE: 00000001
2020-06-28 14:13:56,020 - SAS2RELAY - INFO - RIGHT ROTATE: 11111110
2020-06-28 14:13:56,590 - SAS2RELAY - INFO - LEFT ROTATE: 00000001
2020-06-28 14:13:57,989 - SAS2RELAY - INFO - LEFT ROTATE: 00000011
2020-06-28 14:13:59,540 - SAS2RELAY - INFO - RIGHT ROTATE: 00000001
2020-06-28 14:14:00,967 - SAS2RELAY - ERROR - 프로그램 강제 종료..
2020-06-28 14:16:08,139 - SAS2RELAY - INFO - Start..
2020-06-28 14:16:08,139 - SAS2RELAY - INFO - 90 degree input received
2020-06-28 14:16:15,648 - SAS2RELAY - ERROR - 프로그램 강제 종료..
2020-06-28 14:16:38,515 - SAS2RELAY - INFO - Start..
2020-06-28 14:16:38,515 - SAS2RELAY - INFO - 90 degree input received
2020-06-28 14:16:40,050 - SAS2RELAY - ERROR - 프로그램 강제 종료..
2020-06-28 14:16:52,115 - SAS2RELAY - INFO - Start..
2020-06-28 14:16:52,116 - SAS2RELAY - INFO - 90 degree input received
2020-06-28 14:17:11,154 - SAS2RELAY - ERROR - 프로그램 강제 종료..
2020-06-28 14:17:47,120 - SAS2RELAY - INFO - Start..
2020-06-28 14:17:47,120 - SAS2RELAY - INFO - 90 degree input received
2020-06-28 14:18:15,183 - SAS2RELAY - ERROR - 프로그램 강제 종료..
2020-06-28 14:26:21,139 - SAS2RELAY - INFO - Start..
2020-06-28 14:26:21,140 - SAS2RELAY - INFO - 90 degree input received
2020-06-28 14:26:26,750 - SAS2RELAY - ERROR - 프로그램 강제 종료..
2020-06-28 14:26:36,751 - SAS2RELAY - INFO - Start..
2020-06-28 14:26:36,751 - SAS2RELAY - INFO - 90 degree input received
2020-06-28 14:27:02,321 - SAS2RELAY - ERROR - 프로그램 강제 종료..
2020-06-30 11:05:13,443 - SAS2RELAY - INFO - Start..
2020-06-30 11:05:13,450 - SAS2RELAY - INFO - 90 degree input received
2020-06-30 11:05:15,203 - SAS2RELAY - INFO - LEFT ROTATE: 00000001
2020-06-30 11:05:16,174 - SAS2RELAY - INFO - RIGHT ROTATE: 11111110
2020-06-30 11:05:18,023 - SAS2RELAY - INFO - LEFT ROTATE: 00000001
2020-06-30 11:05:18,864 - SAS2RELAY - INFO - RIGHT ROTATE: 11111110
2020-06-30 11:05:21,427 - SAS2RELAY - ERROR - 프로그램 강제 종료..
2020-06-30 11:07:03,771 - SAS2RELAY - INFO - Start..
2020-06-30 11:07:03,771 - SAS2RELAY - INFO - 90 degree input received
2020-06-30 11:07:03,772 - SAS2RELAY - INFO - RIGHT ROTATE: 11111110
2020-06-30 11:07:08,419 - SAS2RELAY - INFO - RIGHT ROTATE: 11111100
2020-06-30 11:07:09,460 - SAS2RELAY - INFO - LEFT ROTATE: 11111110
2020-06-30 11:07:11,069 - SAS2RELAY - INFO - RIGHT ROTATE: 11111100
2020-06-30 11:07:11,999 - SAS2RELAY - INFO - LEFT ROTATE: 11111110
2020-06-30 11:07:13,799 - SAS2RELAY - INFO - LEFT ROTATE: 00000001
2020-06-30 11:07:14,819 - SAS2RELAY - INFO - RIGHT ROTATE: 11111110
2020-06-30 11:07:15,939 - SAS2RELAY - INFO - LEFT ROTATE: 00000001
2020-06-30 11:07:16,489 - SAS2RELAY - INFO - RIGHT ROTATE: 11111110
2020-06-30 11:07:20,850 - SAS2RELAY - ERROR - 프로그램 강제 종료..
2020-06-30 11:07:59,197 - SAS2RELAY - INFO - Start..
2020-06-30 11:07:59,198 - SAS2RELAY - INFO - 90 degree input received
2020-06-30 11:08:00,872 - SAS2RELAY - INFO - RIGHT ROTATE: 11111110
2020-06-30 11:08:02,141 - SAS2RELAY - INFO - LEFT ROTATE: 00000000
2020-06-30 11:08:02,151 - SAS2RELAY - INFO - LEFT ROTATE: 00000001
2020-06-30 11:08:03,072 - SAS2RELAY - INFO - RIGHT ROTATE: 11111110
2020-06-30 11:08:04,271 - SAS2RELAY - INFO - LEFT ROTATE: 00000001
2020-06-30 11:08:04,891 - SAS2RELAY - INFO - RIGHT ROTATE: 00000000
2020-06-30 11:08:04,902 - SAS2RELAY - INFO - RIGHT ROTATE: 11111110
2020-06-30 11:08:06,702 - SAS2RELAY - INFO - LEFT ROTATE: 00000000
2020-06-30 11:08:06,712 - SAS2RELAY - INFO - LEFT ROTATE: 00000001
2020-06-30 11:08:07,332 - SAS2RELAY - INFO - RIGHT ROTATE: 11111110
2020-06-30 11:08:10,008 - SAS2RELAY - ERROR - 프로그램 강제 종료..
